[0227/140020.454:ERROR:process_memory_win.cc(73)] ReadMemory at 0x7ff769390000 of 64 bytes failed: Only part of a ReadProcessMemory or WriteProcessMemory request was completed. (0x12B)
[0227/140020.519:WARNING:pe_image_reader.cc(340)] could not read dos header from C:\Program Files (x86)\Google\Chrome\Application\chrome.exe
[0227/140020.519:ERROR:process_memory_win.cc(73)] ReadMemory at 0x7ffb6fc00000 of 64 bytes failed: Only part of a ReadProcessMemory or WriteProcessMemory request was completed. (0x12B)
[0227/140020.519:WARNING:pe_image_reader.cc(340)] could not read dos header from C:\windows\SYSTEM32\ntdll.dll
[0227/140020.520:ERROR:process_memory_win.cc(73)] ReadMemory at 0x7ffb6e180000 of 64 bytes failed: Only part of a ReadProcessMemory or WriteProcessMemory request was completed. (0x12B)
[0227/140020.520:WARNING:pe_image_reader.cc(340)] could not read dos header from C:\windows\System32\KERNEL32.DLL
[0227/140020.520:ERROR:process_memory_win.cc(73)] ReadMemory at 0x7ffb6cce0000 of 64 bytes failed: Only part of a ReadProcessMemory or WriteProcessMemory request was completed. (0x12B)
[0227/140020.520:WARNING:pe_image_reader.cc(340)] could not read dos header from C:\windows\System32\KERNELBASE.dll
[0227/140020.520:ERROR:process_memory_win.cc(73)] ReadMemory at 0x7ffb53890000 of 64 bytes failed: Only part of a ReadProcessMemory or WriteProcessMemory request was completed. (0x12B)
[0227/140020.520:WARNING:pe_image_reader.cc(340)] could not read dos header from C:\Program Files (x86)\Google\Chrome\Application\80.0.3987.122\chrome_elf.dll
[0227/140020.520:ERROR:process_memory_win.cc(73)] ReadMemory at 0x7ffb6a0c0000 of 64 bytes failed: Only part of a ReadProcessMemory or WriteProcessMemory request was completed. (0x12B)
[0227/140020.521:WARNING:pe_image_reader.cc(340)] could not read dos header from C:\windows\SYSTEM32\VERSION.dll
[0227/140020.521:ERROR:process_memory_win.cc(73)] ReadMemory at 0x7ffb6e3d0000 of 64 bytes failed: Only part of a ReadProcessMemory or WriteProcessMemory request was completed. (0x12B)
[0227/140020.521:WARNING:pe_image_reader.cc(340)] could not read dos header from C:\windows\System32\msvcrt.dll
[0227/140020.521:ERROR:process_memory_win.cc(73)] ReadMemory at 0x7ffb6d390000 of 64 bytes failed: Only part of a ReadProcessMemory or WriteProcessMemory request was completed. (0x12B)
[0227/140020.521:WARNING:pe_image_reader.cc(340)] could not read dos header from C:\windows\System32\bcryptPrimitives.dll
[0227/140020.521:ERROR:process_memory_win.cc(73)] ReadMemory at 0x7ffb6dce0000 of 64 bytes failed: Only part of a ReadProcessMemory or WriteProcessMemory request was completed. (0x12B)
[0227/140020.521:WARNING:pe_image_reader.cc(340)] could not read dos header from C:\windows\System32\ADVAPI32.dll
[0227/140020.521:ERROR:process_memory_win.cc(73)] ReadMemory at 0x7ffb6e0e0000 of 64 bytes failed: Only part of a ReadProcessMemory or WriteProcessMemory request was completed. (0x12B)
[0227/140020.522:WARNING:pe_image_reader.cc(340)] could not read dos header from C:\windows\System32\sechost.dll
[0227/140020.522:ERROR:process_memory_win.cc(73)] ReadMemory at 0x7ffb6e820000 of 64 bytes failed: Only part of a ReadProcessMemory or WriteProcessMemory request was completed. (0x12B)
[0227/140020.522:WARNING:pe_image_reader.cc(340)] could not read dos header from C:\windows\System32\RPCRT4.dll
[0227/140020.522:ERROR:process_memory_win.cc(73)] ReadMemory at 0x7ffae29d0000 of 64 bytes failed: Only part of a ReadProcessMemory or WriteProcessMemory request was completed. (0x12B)
[0227/140020.522:WARNING:pe_image_reader.cc(340)] could not read dos header from C:\Program Files (x86)\Google\Chrome\Application\80.0.3987.122\chrome.dll
[0227/140020.522:ERROR:process_memory_win.cc(73)] ReadMemory at 0x7ffb6ea30000 of 64 bytes failed: Only part of a ReadProcessMemory or WriteProcessMemory request was completed. (0x12B)
[0227/140020.522:WARNING:pe_image_reader.cc(340)] could not read dos header from C:\windows\System32\WS2_32.dll
[0227/140020.522:ERROR:process_memory_win.cc(73)] ReadMemory at 0x7ffb6f750000 of 64 bytes failed: Only part of a ReadProcessMemory or WriteProcessMemory request was completed. (0x12B)
[0227/140020.522:WARNING:pe_image_reader.cc(340)] could not read dos header from C:\windows\System32\OLEAUT32.dll
[0227/140020.522:ERROR:process_memory_win.cc(73)] ReadMemory at 0x7ffb6d460000 of 64 bytes failed: Only part of a ReadProcessMemory or WriteProcessMemory request was completed. (0x12B)
[0227/140020.522:WARNING:pe_image_reader.cc(340)] could not read dos header from C:\windows\System32\msvcp_win.dll
[0227/140020.522:ERROR:process_memory_win.cc(73)] ReadMemory at 0x7ffb6d010000 of 64 bytes failed: Only part of a ReadProcessMemory or WriteProcessMemory request was completed. (0x12B)
[0227/140020.522:WARNING:pe_image_reader.cc(340)] could not read dos header from C:\windows\System32\ucrtbase.dll
[0227/140020.522:ERROR:process_memory_win.cc(73)] ReadMemory at 0x7ffb6dd90000 of 64 bytes failed: Only part of a ReadProcessMemory or WriteProcessMemory request was completed. (0x12B)
[0227/140020.522:WARNING:pe_image_reader.cc(340)] could not read dos header from C:\windows\System32\combase.dll
[0227/140020.522:ERROR:process_memory_win.cc(73)] ReadMemory at 0x7ffb6cfb0000 of 64 bytes failed: Only part of a ReadProcessMemory or WriteProcessMemory request was completed. (0x12B)
[0227/140020.522:WARNING:pe_image_reader.cc(340)] could not read dos header from C:\windows\System32\WINTRUST.dll
[0227/140020.522:ERROR:process_memory_win.cc(73)] ReadMemory at 0x7ffb6cae0000 of 64 bytes failed: Only part of a ReadProcessMemory or WriteProcessMemory request was completed. (0x12B)
[0227/140020.522:WARNING:pe_image_reader.cc(340)] could not read dos header from C:\windows\System32\MSASN1.dll
[0227/140020.522:ERROR:process_memory_win.cc(73)] ReadMemory at 0x7ffb6cb90000 of 64 bytes failed: Only part of a ReadProcessMemory or WriteProcessMemory request was completed. (0x12B)
[0227/140020.522:WARNING:pe_image_reader.cc(340)] could not read dos header from C:\windows\System32\CRYPT32.dll
[0227/140020.522:ERROR:process_memory_win.cc(73)] ReadMemory at 0x7ffb6c010000 of 64 bytes failed: Only part of a ReadProcessMemory or WriteProcessMemory request was completed. (0x12B)
[0227/140020.522:WARNING:pe_image_reader.cc(340)] could not read dos header from C:\windows\SYSTEM32\IPHLPAPI.DLL
[0227/140020.522:ERROR:process_memory_win.cc(73)] ReadMemory at 0x7ffb69950000 of 64 bytes failed: Only part of a ReadProcessMemory or WriteProcessMemory request was completed. (0x12B)
[0227/140020.522:WARNING:pe_image_reader.cc(340)] could not read dos header from C:\windows\SYSTEM32\WINMM.dll
[0227/140020.523:ERROR:process_memory_win.cc(73)] ReadMemory at 0x7ffb49e60000 of 64 bytes failed: Only part of a ReadProcessMemory or WriteProcessMemory request was completed. (0x12B)
[0227/140020.523:WARNING:pe_image_reader.cc(340)] could not read dos header from C:\windows\SYSTEM32\Secur32.dll
[0227/140020.523:ERROR:process_memory_win.cc(73)] ReadMemory at 0x7ffb6c9c0000 of 64 bytes failed: Only part of a ReadProcessMemory or WriteProcessMemory request was completed. (0x12B)
[0227/140020.523:WARNING:pe_image_reader.cc(340)] could not read dos header from C:\windows\SYSTEM32\USERENV.dll
[0227/140020.523:ERROR:process_memory_win.cc(73)] ReadMemory at 0x7ffb6cb70000 of 64 bytes failed: Only part of a ReadProcessMemory or WriteProcessMemory request was completed. (0x12B)
[0227/140020.523:WARNING:pe_image_reader.cc(340)] could not read dos header from C:\windows\System32\profapi.dll
[0227/140020.523:ERROR:process_memory_win.cc(73)] ReadMemory at 0x7ffb35a80000 of 64 bytes failed: Only part of a ReadProcessMemory or WriteProcessMemory request was completed. (0x12B)
[0227/140020.523:WARNING:pe_image_reader.cc(340)] could not read dos header from C:\windows\SYSTEM32\UIAutomationCore.DLL
[0227/140020.523:ERROR:process_memory_win.cc(73)] ReadMemory at 0x7ffb4f000000 of 64 bytes failed: Only part of a ReadProcessMemory or WriteProcessMemory request was completed. (0x12B)
[0227/140020.523:WARNING:pe_image_reader.cc(340)] could not read dos header from C:\windows\SYSTEM32\DWrite.dll
[0227/140020.523:ERROR:process_memory_win.cc(73)] ReadMemory at 0x7ffb39f40000 of 64 bytes failed: Only part of a ReadProcessMemory or WriteProcessMemory request was completed. (0x12B)
[0227/140020.523:WARNING:pe_image_reader.cc(340)] could not read dos header from C:\windows\SYSTEM32\WINSPOOL.DRV
[0227/140020.523:ERROR:process_memory_win.cc(73)] ReadMemory at 0x7ffb6cb00000 of 64 bytes failed: Only part of a ReadProcessMemory or WriteProcessMemory request was completed. (0x12B)
[0227/140020.523:WARNING:pe_image_reader.cc(340)] could not read dos header from C:\windows\System32\kernel.appcore.dll
[0227/140020.523:ERROR:process_memory_win.cc(73)] ReadMemory at 0x7ffb6dc80000 of 64 bytes failed: Only part of a ReadProcessMemory or WriteProcessMemory request was completed. (0x12B)
[0227/140020.524:WARNING:pe_image_reader.cc(340)] could not read dos header from C:\windows\System32\bcrypt.dll
[0227/140020.524:ERROR:process_memory_win.cc(73)] ReadMemory at 0x7ffb6b3c0000 of 64 bytes failed: Only part of a ReadProcessMemory or WriteProcessMemory request was completed. (0x12B)
[0227/140020.524:WARNING:pe_image_reader.cc(340)] could not read dos header from C:\windows\SYSTEM32\dbghelp.dll
[0227/140020.524:ERROR:process_memory_win.cc(73)] ReadMemory at 0x7ffb65be0000 of 64 bytes failed: Only part of a ReadProcessMemory or WriteProcessMemory request was completed. (0x12B)
[0227/140020.524:WARNING:pe_image_reader.cc(340)] could not read dos header from C:\windows\SYSTEM32\WINHTTP.dll
[0227/140020.524:ERROR:process_memory_win.cc(73)] ReadMemory at 0x7ffb647f0000 of 64 bytes failed: Only part of a ReadProcessMemory or WriteProcessMemory request was completed. (0x12B)
[0227/140020.524:WARNING:pe_image_reader.cc(340)] could not read dos header from C:\windows\SYSTEM32\dhcpcsvc.DLL
[0227/140020.525:ERROR:process_memory_win.cc(73)] ReadMemory at 0x7ffb6f740000 of 64 bytes failed: Only part of a ReadProcessMemory or WriteProcessMemory request was completed. (0x12B)
[0227/140020.525:WARNING:pe_image_reader.cc(340)] could not read dos header from C:\windows\System32\NSI.dll
[0227/140020.525:ERROR:process_memory_win.cc(73)] ReadMemory at 0x7ffb69920000 of 64 bytes failed: Only part of a ReadProcessMemory or WriteProcessMemory request was completed. (0x12B)
[0227/140020.525:WARNING:pe_image_reader.cc(340)] could not read dos header from C:\windows\SYSTEM32\WINMMBASE.dll
[0227/140020.525:ERROR:process_memory_win.cc(73)] ReadMemory at 0x7ffb6d410000 of 64 bytes failed: Only part of a ReadProcessMemory or WriteProcessMemory request was completed. (0x12B)
[0227/140020.525:WARNING:pe_image_reader.cc(340)] could not read dos header from C:\windows\System32\cfgmgr32.dll
[0227/140020.525:ERROR:process_memory_win.cc(73)] ReadMemory at 0x7ffb6a7f0000 of 64 bytes failed: Only part of a ReadProcessMemory or WriteProcessMemory request was completed. (0x12B)
[0227/140020.525:WARNING:pe_image_reader.cc(340)] could not read dos header from C:\windows\SYSTEM32\PROPSYS.dll
[0227/140020.525:ERROR:process_memory_win.cc(73)] ReadMemory at 0x7ffb6f8a0000 of 64 bytes failed: Only part of a ReadProcessMemory or WriteProcessMemory request was completed. (0x12B)
[0227/140020.525:WARNING:pe_image_reader.cc(340)] could not read dos header from C:\windows\System32\shcore.dll
[0227/140020.525:ERROR:process_memory_win.cc(73)] ReadMemory at 0x7ffb6c9f0000 of 64 bytes failed: Only part of a ReadProcessMemory or WriteProcessMemory request was completed. (0x12B)
[0227/140020.525:WARNING:pe_image_reader.cc(340)] could not read dos header from C:\windows\SYSTEM32\SSPICLI.DLL
[0227/140020.525:ERROR:process_memory_win.cc(73)] ReadMemory at 0x7ffb6c470000 of 64 bytes failed: Only part of a ReadProcessMemory or WriteProcessMemory request was completed. (0x12B)
[0227/140020.525:WARNING:pe_image_reader.cc(340)] could not read dos header from C:\windows\SYSTEM32\CRYPTBASE.DLL
[0227/140020.525:ERROR:process_memory_win.cc(73)] ReadMemory at 0x7ff769390000 of 64 bytes failed: Only part of a ReadProcessMemory or WriteProcessMemory request was completed. (0x12B)
[0227/140020.525:WARNING:pe_image_reader.cc(340)] could not read dos header from C:\Program Files (x86)\Google\Chrome\Application\chrome.exe
[0227/140020.525:ERROR:process_memory_win.cc(73)] ReadMemory at 0x7ffb6fc00000 of 64 bytes failed: Only part of a ReadProcessMemory or WriteProcessMemory request was completed. (0x12B)
[0227/140020.525:WARNING:pe_image_reader.cc(340)] could not read dos header from C:\windows\SYSTEM32\ntdll.dll
[0227/140020.525:ERROR:process_memory_win.cc(73)] ReadMemory at 0x7ffb6e180000 of 64 bytes failed: Only part of a ReadProcessMemory or WriteProcessMemory request was completed. (0x12B)
[0227/140020.525:WARNING:pe_image_reader.cc(340)] could not read dos header from C:\windows\System32\KERNEL32.DLL
[0227/140020.525:ERROR:process_memory_win.cc(73)] ReadMemory at 0x7ffb6cce0000 of 64 bytes failed: Only part of a ReadProcessMemory or WriteProcessMemory request was completed. (0x12B)
[0227/140020.525:WARNING:pe_image_reader.cc(340)] could not read dos header from C:\windows\System32\KERNELBASE.dll
[0227/140020.525:ERROR:process_memory_win.cc(73)] ReadMemory at 0x7ffb53890000 of 64 bytes failed: Only part of a ReadProcessMemory or WriteProcessMemory request was completed. (0x12B)
[0227/140020.525:WARNING:pe_image_reader.cc(340)] could not read dos header from C:\Program Files (x86)\Google\Chrome\Application\80.0.3987.122\chrome_elf.dll
[0227/140020.525:ERROR:process_memory_win.cc(73)] ReadMemory at 0x7ffb6a0c0000 of 64 bytes failed: Only part of a ReadProcessMemory or WriteProcessMemory request was completed. (0x12B)
[0227/140020.525:WARNING:pe_image_reader.cc(340)] could not read dos header from C:\windows\SYSTEM32\VERSION.dll
[0227/140020.525:ERROR:process_memory_win.cc(73)] ReadMemory at 0x7ffb6e3d0000 of 64 bytes failed: Only part of a ReadProcessMemory or WriteProcessMemory request was completed. (0x12B)
[0227/140020.525:WARNING:pe_image_reader.cc(340)] could not read dos header from C:\windows\System32\msvcrt.dll
[0227/140020.525:ERROR:process_memory_win.cc(73)] ReadMemory at 0x7ffb6d390000 of 64 bytes failed: Only part of a ReadProcessMemory or WriteProcessMemory request was completed. (0x12B)
[0227/140020.526:WARNING:pe_image_reader.cc(340)] could not read dos header from C:\windows\System32\bcryptPrimitives.dll
[0227/140020.526:ERROR:process_memory_win.cc(73)] ReadMemory at 0x7ffb6dce0000 of 64 bytes failed: Only part of a ReadProcessMemory or WriteProcessMemory request was completed. (0x12B)
[0227/140020.526:WARNING:pe_image_reader.cc(340)] could not read dos header from C:\windows\System32\ADVAPI32.dll
[0227/140020.526:ERROR:process_memory_win.cc(73)] ReadMemory at 0x7ffb6e0e0000 of 64 bytes failed: Only part of a ReadProcessMemory or WriteProcessMemory request was completed. (0x12B)
[0227/140020.526:WARNING:pe_image_reader.cc(340)] could not read dos header from C:\windows\System32\sechost.dll
[0227/140020.526:ERROR:process_memory_win.cc(73)] ReadMemory at 0x7ffb6e820000 of 64 bytes failed: Only part of a ReadProcessMemory or WriteProcessMemory request was completed. (0x12B)
[0227/140020.526:WARNING:pe_image_reader.cc(340)] could not read dos header from C:\windows\System32\RPCRT4.dll
[0227/140020.526:ERROR:process_memory_win.cc(73)] ReadMemory at 0x7ffae29d0000 of 64 bytes failed: Only part of a ReadProcessMemory or WriteProcessMemory request was completed. (0x12B)
[0227/140020.526:WARNING:pe_image_reader.cc(340)] could not read dos header from C:\Program Files (x86)\Google\Chrome\Application\80.0.3987.122\chrome.dll
[0227/140020.526:ERROR:process_memory_win.cc(73)] ReadMemory at 0x7ffb6ea30000 of 64 bytes failed: Only part of a ReadProcessMemory or WriteProcessMemory request was completed. (0x12B)
[0227/140020.526:WARNING:pe_image_reader.cc(340)] could not read dos header from C:\windows\System32\WS2_32.dll
[0227/140020.526:ERROR:process_memory_win.cc(73)] ReadMemory at 0x7ffb6f750000 of 64 bytes failed: Only part of a ReadProcessMemory or WriteProcessMemory request was completed. (0x12B)
[0227/140020.526:WARNING:pe_image_reader.cc(340)] could not read dos header from C:\windows\System32\OLEAUT32.dll
[0227/140020.526:ERROR:process_memory_win.cc(73)] ReadMemory at 0x7ffb6d460000 of 64 bytes failed: Only part of a ReadProcessMemory or WriteProcessMemory request was completed. (0x12B)
[0227/140020.526:WARNING:pe_image_reader.cc(340)] could not read dos header from C:\windows\System32\msvcp_win.dll
[0227/140020.526:ERROR:process_memory_win.cc(73)] ReadMemory at 0x7ffb6d010000 of 64 bytes failed: Only part of a ReadProcessMemory or WriteProcessMemory request was completed. (0x12B)
[0227/140020.527:WARNING:pe_image_reader.cc(340)] could not read dos header from C:\windows\System32\ucrtbase.dll
[0227/140020.527:ERROR:process_memory_win.cc(73)] ReadMemory at 0x7ffb6dd90000 of 64 bytes failed: Only part of a ReadProcessMemory or WriteProcessMemory request was completed. (0x12B)
[0227/140020.527:WARNING:pe_image_reader.cc(340)] could not read dos header from C:\windows\System32\combase.dll
[0227/140020.527:ERROR:process_memory_win.cc(73)] ReadMemory at 0x7ffb6cfb0000 of 64 bytes failed: Only part of a ReadProcessMemory or WriteProcessMemory request was completed. (0x12B)
[0227/140020.527:WARNING:pe_image_reader.cc(340)] could not read dos header from C:\windows\System32\WINTRUST.dll
[0227/140020.527:ERROR:process_memory_win.cc(73)] ReadMemory at 0x7ffb6cae0000 of 64 bytes failed: Only part of a ReadProcessMemory or WriteProcessMemory request was completed. (0x12B)
[0227/140020.527:WARNING:pe_image_reader.cc(340)] could not read dos header from C:\windows\System32\MSASN1.dll
[0227/140020.527:ERROR:process_memory_win.cc(73)] ReadMemory at 0x7ffb6cb90000 of 64 bytes failed: Only part of a ReadProcessMemory or WriteProcessMemory request was completed. (0x12B)
[0227/140020.527:WARNING:pe_image_reader.cc(340)] could not read dos header from C:\windows\System32\CRYPT32.dll
[0227/140020.527:ERROR:process_memory_win.cc(73)] ReadMemory at 0x7ffb6c010000 of 64 bytes failed: Only part of a ReadProcessMemory or WriteProcessMemory request was completed. (0x12B)
[0227/140020.527:WARNING:pe_image_reader.cc(340)] could not read dos header from C:\windows\SYSTEM32\IPHLPAPI.DLL
[0227/140020.527:ERROR:process_memory_win.cc(73)] ReadMemory at 0x7ffb69950000 of 64 bytes failed: Only part of a ReadProcessMemory or WriteProcessMemory request was completed. (0x12B)
[0227/140020.527:WARNING:pe_image_reader.cc(340)] could not read dos header from C:\windows\SYSTEM32\WINMM.dll
[0227/140020.527:ERROR:process_memory_win.cc(73)] ReadMemory at 0x7ffb49e60000 of 64 bytes failed: Only part of a ReadProcessMemory or WriteProcessMemory request was completed. (0x12B)
[0227/140020.527:WARNING:pe_image_reader.cc(340)] could not read dos header from C:\windows\SYSTEM32\Secur32.dll
[0227/140020.527:ERROR:process_memory_win.cc(73)] ReadMemory at 0x7ffb6c9c0000 of 64 bytes failed: Only part of a ReadProcessMemory or WriteProcessMemory request was completed. (0x12B)
[0227/140020.527:WARNING:pe_image_reader.cc(340)] could not read dos header from C:\windows\SYSTEM32\USERENV.dll
[0227/140020.528:ERROR:process_memory_win.cc(73)] ReadMemory at 0x7ffb6cb70000 of 64 bytes failed: Only part of a ReadProcessMemory or WriteProcessMemory request was completed. (0x12B)
[0227/140020.528:WARNING:pe_image_reader.cc(340)] could not read dos header from C:\windows\System32\profapi.dll
[0227/140020.528:ERROR:process_memory_win.cc(73)] ReadMemory at 0x7ffb35a80000 of 64 bytes failed: Only part of a ReadProcessMemory or WriteProcessMemory request was completed. (0x12B)
[0227/140020.528:WARNING:pe_image_reader.cc(340)] could not read dos header from C:\windows\SYSTEM32\UIAutomationCore.DLL
[0227/140020.528:ERROR:process_memory_win.cc(73)] ReadMemory at 0x7ffb4f000000 of 64 bytes failed: Only part of a ReadProcessMemory or WriteProcessMemory request was completed. (0x12B)
[0227/140020.528:WARNING:pe_image_reader.cc(340)] could not read dos header from C:\windows\SYSTEM32\DWrite.dll
[0227/140020.528:ERROR:process_memory_win.cc(73)] ReadMemory at 0x7ffb39f40000 of 64 bytes failed: Only part of a ReadProcessMemory or WriteProcessMemory request was completed. (0x12B)
[0227/140020.528:WARNING:pe_image_reader.cc(340)] could not read dos header from C:\windows\SYSTEM32\WINSPOOL.DRV
[0227/140020.528:ERROR:process_memory_win.cc(73)] ReadMemory at 0x7ffb6cb00000 of 64 bytes failed: Only part of a ReadProcessMemory or WriteProcessMemory request was completed. (0x12B)
[0227/140020.528:WARNING:pe_image_reader.cc(340)] could not read dos header from C:\windows\System32\kernel.appcore.dll
[0227/140020.528:ERROR:process_memory_win.cc(73)] ReadMemory at 0x7ffb6dc80000 of 64 bytes failed: Only part of a ReadProcessMemory or WriteProcessMemory request was completed. (0x12B)
[0227/140020.528:WARNING:pe_image_reader.cc(340)] could not read dos header from C:\windows\System32\bcrypt.dll
[0227/140020.528:ERROR:process_memory_win.cc(73)] ReadMemory at 0x7ffb6b3c0000 of 64 bytes failed: Only part of a ReadProcessMemory or WriteProcessMemory request was completed. (0x12B)
[0227/140020.528:WARNING:pe_image_reader.cc(340)] could not read dos header from C:\windows\SYSTEM32\dbghelp.dll
[0227/140020.528:ERROR:process_memory_win.cc(73)] ReadMemory at 0x7ffb65be0000 of 64 bytes failed: Only part of a ReadProcessMemory or WriteProcessMemory request was completed. (0x12B)
[0227/140020.528:WARNING:pe_image_reader.cc(340)] could not read dos header from C:\windows\SYSTEM32\WINHTTP.dll
[0227/140020.528:ERROR:process_memory_win.cc(73)] ReadMemory at 0x7ffb647f0000 of 64 bytes failed: Only part of a ReadProcessMemory or WriteProcessMemory request was completed. (0x12B)
[0227/140020.528:WARNING:pe_image_reader.cc(340)] could not read dos header from C:\windows\SYSTEM32\dhcpcsvc.DLL
[0227/140020.529:ERROR:process_memory_win.cc(73)] ReadMemory at 0x7ffb6f740000 of 64 bytes failed: Only part of a ReadProcessMemory or WriteProcessMemory request was completed. (0x12B)
[0227/140020.529:WARNING:pe_image_reader.cc(340)] could not read dos header from C:\windows\System32\NSI.dll
[0227/140020.529:ERROR:process_memory_win.cc(73)] ReadMemory at 0x7ffb69920000 of 64 bytes failed: Only part of a ReadProcessMemory or WriteProcessMemory request was completed. (0x12B)
[0227/140020.529:WARNING:pe_image_reader.cc(340)] could not read dos header from C:\windows\SYSTEM32\WINMMBASE.dll
[0227/140020.529:ERROR:process_memory_win.cc(73)] ReadMemory at 0x7ffb6d410000 of 64 bytes failed: Only part of a ReadProcessMemory or WriteProcessMemory request was completed. (0x12B)
[0227/140020.529:WARNING:pe_image_reader.cc(340)] could not read dos header from C:\windows\System32\cfgmgr32.dll
[0227/140020.529:ERROR:process_memory_win.cc(73)] ReadMemory at 0x7ffb6a7f0000 of 64 bytes failed: Only part of a ReadProcessMemory or WriteProcessMemory request was completed. (0x12B)
[0227/140020.529:WARNING:pe_image_reader.cc(340)] could not read dos header from C:\windows\SYSTEM32\PROPSYS.dll
[0227/140020.529:ERROR:process_memory_win.cc(73)] ReadMemory at 0x7ffb6f8a0000 of 64 bytes failed: Only part of a ReadProcessMemory or WriteProcessMemory request was completed. (0x12B)
[0227/140020.529:WARNING:pe_image_reader.cc(340)] could not read dos header from C:\windows\System32\shcore.dll
[0227/140020.529:ERROR:process_memory_win.cc(73)] ReadMemory at 0x7ffb6c9f0000 of 64 bytes failed: Only part of a ReadProcessMemory or WriteProcessMemory request was completed. (0x12B)
[0227/140020.529:WARNING:pe_image_reader.cc(340)] could not read dos header from C:\windows\SYSTEM32\SSPICLI.DLL
[0227/140020.529:ERROR:process_memory_win.cc(73)] ReadMemory at 0x7ffb6c470000 of 64 bytes failed: Only part of a ReadProcessMemory or WriteProcessMemory request was completed. (0x12B)
[0227/140020.529:WARNING:pe_image_reader.cc(340)] could not read dos header from C:\windows\SYSTEM32\CRYPTBASE.DLL
[0227/140020.543:ERROR:process_memory_win.cc(73)] ReadMemory at 0xf12f500000 of 1048576 bytes failed: Only part of a ReadProcessMemory or WriteProcessMemory request was completed. (0x12B)
[0227/140020.545:ERROR:process_memory_win.cc(73)] ReadMemory at 0xf12ad44000 of 852 bytes failed: Only part of a ReadProcessMemory or WriteProcessMemory request was completed. (0x12B)
[0227/140020.545:ERROR:process_memory_win.cc(73)] ReadMemory at 0xf12ad63000 of 6024 bytes failed: Only part of a ReadProcessMemory or WriteProcessMemory request was completed. (0x12B)
[0227/140020.545:ERROR:process_memory_win.cc(73)] ReadMemory at 0x29eff7c0750 of 80 bytes failed: Only part of a ReadProcessMemory or WriteProcessMemory request was completed. (0x12B)
[0227/140020.546:ERROR:process_memory_win.cc(73)] ReadMemory at 0x29eff7c0fe0 of 6186 bytes failed: Only part of a ReadProcessMemory or WriteProcessMemory request was completed. (0x12B)
[0227/140020.546:ERROR:process_memory_win.cc(73)] ReadMemory at 0x29eff7c2820 of 1012 bytes failed: Only part of a ReadProcessMemory or WriteProcessMemory request was completed. (0x12B)
[0227/140020.546:ERROR:process_memory_win.cc(73)] ReadMemory at 0x29eff7c2e68 of 118 bytes failed: Only part of a ReadProcessMemory or WriteProcessMemory request was completed. (0x12B)
[0227/140020.546:ERROR:process_memory_win.cc(73)] ReadMemory at 0x29eff7c2ee0 of 1038 bytes failed: Only part of a ReadProcessMemory or WriteProcessMemory request was completed. (0x12B)
[0227/140020.546:ERROR:process_memory_win.cc(73)] ReadMemory at 0x29eff7c32f0 of 118 bytes failed: Only part of a ReadProcessMemory or WriteProcessMemory request was completed. (0x12B)
[0227/140020.546:ERROR:process_memory_win.cc(73)] ReadMemory at 0x29eff7c3368 of 96 bytes failed: Only part of a ReadProcessMemory or WriteProcessMemory request was completed. (0x12B)
[0227/140020.546:ERROR:process_memory_win.cc(73)] ReadMemory at 0x29eff7c33e0 of 58 bytes failed: Only part of a ReadProcessMemory or WriteProcessMemory request was completed. (0x12B)
[0227/140020.547:ERROR:process_memory_win.cc(73)] ReadMemory at 0x29eff7c34e0 of 132 bytes failed: Only part of a ReadProcessMemory or WriteProcessMemory request was completed. (0x12B)
[0227/140020.547:ERROR:process_memory_win.cc(73)] ReadMemory at 0x29eff7c3670 of 132 bytes failed: Only part of a ReadProcessMemory or WriteProcessMemory request was completed. (0x12B)
[0227/140020.547:ERROR:process_memory_win.cc(73)] ReadMemory at 0x29eff7c3830 of 126 bytes failed: Only part of a ReadProcessMemory or WriteProcessMemory request was completed. (0x12B)
[0227/140020.547:ERROR:process_memory_win.cc(73)] ReadMemory at 0x29eff7c3c10 of 132 bytes failed: Only part of a ReadProcessMemory or WriteProcessMemory request was completed. (0x12B)
[0227/140020.548:ERROR:process_memory_win.cc(73)] ReadMemory at 0x29eff7c3da0 of 64 bytes failed: Only part of a ReadProcessMemory or WriteProcessMemory request was completed. (0x12B)
[0227/140020.548:ERROR:process_memory_win.cc(73)] ReadMemory at 0x29eff7c3df0 of 132 bytes failed: Only part of a ReadProcessMemory or WriteProcessMemory request was completed. (0x12B)
[0227/140020.548:ERROR:process_memory_win.cc(73)] ReadMemory at 0x29eff7c3f60 of 132 bytes failed: Only part of a ReadProcessMemory or WriteProcessMemory request was completed. (0x12B)
[0227/140020.548:ERROR:process_memory_win.cc(73)] ReadMemory at 0x29eff7c4200 of 132 bytes failed: Only part of a ReadProcessMemory or WriteProcessMemory request was completed. (0x12B)
[0227/140020.548:ERROR:process_memory_win.cc(73)] ReadMemory at 0x29eff7c4390 of 68 bytes failed: Only part of a ReadProcessMemory or WriteProcessMemory request was completed. (0x12B)
[0227/140020.548:ERROR:process_memory_win.cc(73)] ReadMemory at 0x29eff7c54f0 of 132 bytes failed: Only part of a ReadProcessMemory or WriteProcessMemory request was completed. (0x12B)
[0227/140020.548:ERROR:process_memory_win.cc(73)] ReadMemory at 0x29eff7c5680 of 154 bytes failed: Only part of a ReadProcessMemory or WriteProcessMemory request was completed. (0x12B)
[0227/140020.549:ERROR:process_memory_win.cc(73)] ReadMemory at 0x29eff7c6470 of 62 bytes failed: Only part of a ReadProcessMemory or WriteProcessMemory request was completed. (0x12B)
[0227/140020.549:ERROR:process_memory_win.cc(73)] ReadMemory at 0x29eff7c64c0 of 132 bytes failed: Only part of a ReadProcessMemory or WriteProcessMemory request was completed. (0x12B)
[0227/140020.549:ERROR:process_memory_win.cc(73)] ReadMemory at 0x29eff7c6660 of 132 bytes failed: Only part of a ReadProcessMemory or WriteProcessMemory request was completed. (0x12B)
[0227/140020.549:ERROR:process_memory_win.cc(73)] ReadMemory at 0x29eff7c6790 of 60 bytes failed: Only part of a ReadProcessMemory or WriteProcessMemory request was completed. (0x12B)
[0227/140020.549:ERROR:process_memory_win.cc(73)] ReadMemory at 0x29eff7c69f0 of 132 bytes failed: Only part of a ReadProcessMemory or WriteProcessMemory request was completed. (0x12B)
[0227/140020.549:ERROR:process_memory_win.cc(73)] ReadMemory at 0x29eff7c741c of 512 bytes failed: Only part of a ReadProcessMemory or WriteProcessMemory request was completed. (0x12B)
[0227/140020.549:ERROR:process_memory_win.cc(73)] ReadMemory at 0x29eff7c7910 of 132 bytes failed: Only part of a ReadProcessMemory or WriteProcessMemory request was completed. (0x12B)
[0227/140020.550:ERROR:process_memory_win.cc(73)] ReadMemory at 0x29eff7c83c0 of 132 bytes failed: Only part of a ReadProcessMemory or WriteProcessMemory request was completed. (0x12B)
[0227/140020.550:ERROR:process_memory_win.cc(73)] ReadMemory at 0x29eff7cb2c0 of 60 bytes failed: Only part of a ReadProcessMemory or WriteProcessMemory request was completed. (0x12B)
[0227/140020.550:ERROR:process_memory_win.cc(73)] ReadMemory at 0x29eff7cb360 of 64 bytes failed: Only part of a ReadProcessMemory or WriteProcessMemory request was completed. (0x12B)
[0227/140020.550:ERROR:process_memory_win.cc(73)] ReadMemory at 0x29eff7cb400 of 64 bytes failed: Only part of a ReadProcessMemory or WriteProcessMemory request was completed. (0x12B)
[0227/140020.550:ERROR:process_memory_win.cc(73)] ReadMemory at 0x29eff7cb540 of 66 bytes failed: Only part of a ReadProcessMemory or WriteProcessMemory request was completed. (0x12B)
[0227/140020.550:ERROR:process_memory_win.cc(73)] ReadMemory at 0x29eff7cb810 of 64 bytes failed: Only part of a ReadProcessMemory or WriteProcessMemory request was completed. (0x12B)
[0227/140020.550:ERROR:process_memory_win.cc(73)] ReadMemory at 0x29eff7cb860 of 62 bytes failed: Only part of a ReadProcessMemory or WriteProcessMemory request was completed. (0x12B)
[0227/140020.551:ERROR:process_memory_win.cc(73)] ReadMemory at 0x29eff7cb8b0 of 64 bytes failed: Only part of a ReadProcessMemory or WriteProcessMemory request was completed. (0x12B)
[0227/140020.551:ERROR:process_memory_win.cc(73)] ReadMemory at 0x29eff7cb950 of 62 bytes failed: Only part of a ReadProcessMemory or WriteProcessMemory request was completed. (0x12B)
[0227/140020.551:ERROR:process_memory_win.cc(73)] ReadMemory at 0x29eff7cb9f0 of 60 bytes failed: Only part of a ReadProcessMemory or WriteProcessMemory request was completed. (0x12B)
[0227/140020.551:ERROR:process_memory_win.cc(73)] ReadMemory at 0x29eff7cc190 of 80 bytes failed: Only part of a ReadProcessMemory or WriteProcessMemory request was completed. (0x12B)
[0227/140020.551:ERROR:process_memory_win.cc(73)] ReadMemory at 0x29eff7cc1f0 of 76 bytes failed: Only part of a ReadProcessMemory or WriteProcessMemory request was completed. (0x12B)
[0227/140020.551:ERROR:process_memory_win.cc(73)] ReadMemory at 0x29eff7cf1a0 of 54 bytes failed: Only part of a ReadProcessMemory or WriteProcessMemory request was completed. (0x12B)
[0227/140020.551:ERROR:process_memory_win.cc(73)] ReadMemory at 0x29eff7cfe40 of 132 bytes failed: Only part of a ReadProcessMemory or WriteProcessMemory request was completed. (0x12B)
[0227/140020.551:ERROR:process_memory_win.cc(73)] ReadMemory at 0x29eff7cff70 of 132 bytes failed: Only part of a ReadProcessMemory or WriteProcessMemory request was completed. (0x12B)
[0227/140020.552:ERROR:process_memory_win.cc(73)] ReadMemory at 0x29eff7d0190 of 132 bytes failed: Only part of a ReadProcessMemory or WriteProcessMemory request was completed. (0x12B)
[0227/140020.552:ERROR:process_memory_win.cc(73)] ReadMemory at 0x29eff7d04f0 of 132 bytes failed: Only part of a ReadProcessMemory or WriteProcessMemory request was completed. (0x12B)
[0227/140020.552:ERROR:process_memory_win.cc(73)] ReadMemory at 0x29eff7d3030 of 132 bytes failed: Only part of a ReadProcessMemory or WriteProcessMemory request was completed. (0x12B)
[0227/140020.552:ERROR:process_memory_win.cc(73)] ReadMemory at 0x29eff7d3160 of 146 bytes failed: Only part of a ReadProcessMemory or WriteProcessMemory request was completed. (0x12B)
[0227/140020.552:ERROR:process_memory_win.cc(73)] ReadMemory at 0x29eff7d4ca0 of 132 bytes failed: Only part of a ReadProcessMemory or WriteProcessMemory request was completed. (0x12B)
[0227/140020.552:ERROR:process_memory_win.cc(73)] ReadMemory at 0x29eff7d4dd0 of 132 bytes failed: Only part of a ReadProcessMemory or WriteProcessMemory request was completed. (0x12B)
[0227/140020.552:ERROR:process_memory_win.cc(73)] ReadMemory at 0x29eff7d4f00 of 132 bytes failed: Only part of a ReadProcessMemory or WriteProcessMemory request was completed. (0x12B)
[0227/140020.553:ERROR:process_memory_win.cc(73)] ReadMemory at 0x29eff7d5030 of 132 bytes failed: Only part of a ReadProcessMemory or WriteProcessMemory request was completed. (0x12B)
[0227/140020.553:ERROR:process_memory_win.cc(73)] ReadMemory at 0x29eff7d5160 of 132 bytes failed: Only part of a ReadProcessMemory or WriteProcessMemory request was completed. (0x12B)
[0227/140020.553:ERROR:process_memory_win.cc(73)] ReadMemory at 0x29eff7d5290 of 132 bytes failed: Only part of a ReadProcessMemory or WriteProcessMemory request was completed. (0x12B)
[0227/140020.553:ERROR:process_memory_win.cc(73)] ReadMemory at 0x29eff7d53c0 of 132 bytes failed: Only part of a ReadProcessMemory or WriteProcessMemory request was completed. (0x12B)
[0227/140020.553:ERROR:process_memory_win.cc(73)] ReadMemory at 0x29eff7d54f0 of 132 bytes failed: Only part of a ReadProcessMemory or WriteProcessMemory request was completed. (0x12B)
[0227/140020.553:ERROR:process_memory_win.cc(73)] ReadMemory at 0x29eff7d5620 of 132 bytes failed: Only part of a ReadProcessMemory or WriteProcessMemory request was completed. (0x12B)
[0227/140020.553:ERROR:process_memory_win.cc(73)] ReadMemory at 0x29eff7d5880 of 132 bytes failed: Only part of a ReadProcessMemory or WriteProcessMemory request was completed. (0x12B)
[0227/140020.554:ERROR:process_memory_win.cc(73)] ReadMemory at 0x29eff7d59b0 of 132 bytes failed: Only part of a ReadProcessMemory or WriteProcessMemory request was completed. (0x12B)
[0227/140020.554:ERROR:process_memory_win.cc(73)] ReadMemory at 0x29eff7d5ae0 of 132 bytes failed: Only part of a ReadProcessMemory or WriteProcessMemory request was completed. (0x12B)
[0227/140020.554:ERROR:process_memory_win.cc(73)] ReadMemory at 0x29eff7d60c0 of 64 bytes failed: Only part of a ReadProcessMemory or WriteProcessMemory request was completed. (0x12B)
[0227/140020.554:ERROR:process_memory_win.cc(73)] ReadMemory at 0x29eff7d61b0 of 64 bytes failed: Only part of a ReadProcessMemory or WriteProcessMemory request was completed. (0x12B)
[0227/140020.554:ERROR:process_memory_win.cc(73)] ReadMemory at 0x29eff7d6250 of 62 bytes failed: Only part of a ReadProcessMemory or WriteProcessMemory request was completed. (0x12B)
[0227/140020.554:ERROR:process_memory_win.cc(73)] ReadMemory at 0x29eff7d62f0 of 62 bytes failed: Only part of a ReadProcessMemory or WriteProcessMemory request was completed. (0x12B)
[0227/140020.555:ERROR:process_memory_win.cc(73)] ReadMemory at 0x29eff7d6340 of 60 bytes failed: Only part of a ReadProcessMemory or WriteProcessMemory request was completed. (0x12B)
[0227/140020.555:ERROR:process_memory_win.cc(73)] ReadMemory at 0x29eff7d6390 of 62 bytes failed: Only part of a ReadProcessMemory or WriteProcessMemory request was completed. (0x12B)
[0227/140020.555:ERROR:process_memory_win.cc(73)] ReadMemory at 0x29eff7d63e0 of 60 bytes failed: Only part of a ReadProcessMemory or WriteProcessMemory request was completed. (0x12B)
[0227/140020.555:ERROR:process_memory_win.cc(73)] ReadMemory at 0x29eff7d6480 of 60 bytes failed: Only part of a ReadProcessMemory or WriteProcessMemory request was completed. (0x12B)
[0227/140020.555:ERROR:process_memory_win.cc(73)] ReadMemory at 0x29eff7d6570 of 64 bytes failed: Only part of a ReadProcessMemory or WriteProcessMemory request was completed. (0x12B)
[0227/140020.555:ERROR:process_memory_win.cc(73)] ReadMemory at 0x29eff7d67a0 of 62 bytes failed: Only part of a ReadProcessMemory or WriteProcessMemory request was completed. (0x12B)
[0227/140020.555:ERROR:process_memory_win.cc(73)] ReadMemory at 0x29eff7d67f0 of 64 bytes failed: Only part of a ReadProcessMemory or WriteProcessMemory request was completed. (0x12B)
[0227/140020.555:ERROR:process_memory_win.cc(73)] ReadMemory at 0x29eff7d6890 of 62 bytes failed: Only part of a ReadProcessMemory or WriteProcessMemory request was completed. (0x12B)
[0227/140020.555:ERROR:process_memory_win.cc(73)] ReadMemory at 0x29eff7d6a20 of 62 bytes failed: Only part of a ReadProcessMemory or WriteProcessMemory request was completed. (0x12B)
[0227/140020.555:ERROR:process_memory_win.cc(73)] ReadMemory at 0x29eff7d6a70 of 58 bytes failed: Only part of a ReadProcessMemory or WriteProcessMemory request was completed. (0x12B)
[0227/140020.556:ERROR:process_memory_win.cc(73)] ReadMemory at 0x29eff7d6c50 of 62 bytes failed: Only part of a ReadProcessMemory or WriteProcessMemory request was completed. (0x12B)
[0227/140020.556:ERROR:process_memory_win.cc(73)] ReadMemory at 0x29eff7d6d90 of 60 bytes failed: Only part of a ReadProcessMemory or WriteProcessMemory request was completed. (0x12B)
[0227/140020.556:ERROR:process_memory_win.cc(73)] ReadMemory at 0x29eff7d6f20 of 62 bytes failed: Only part of a ReadProcessMemory or WriteProcessMemory request was completed. (0x12B)
[0227/140020.556:ERROR:process_memory_win.cc(73)] ReadMemory at 0x29eff7d6f70 of 66 bytes failed: Only part of a ReadProcessMemory or WriteProcessMemory request was completed. (0x12B)
[0227/140020.556:ERROR:process_memory_win.cc(73)] ReadMemory at 0x29eff7d73c0 of 132 bytes failed: Only part of a ReadProcessMemory or WriteProcessMemory request was completed. (0x12B)
[0227/140020.556:ERROR:process_memory_win.cc(73)] ReadMemory at 0x29eff7d74f0 of 132 bytes failed: Only part of a ReadProcessMemory or WriteProcessMemory request was completed. (0x12B)
[0227/140020.556:ERROR:process_memory_win.cc(73)] ReadMemory at 0x29eff7d7750 of 132 bytes failed: Only part of a ReadProcessMemory or WriteProcessMemory request was completed. (0x12B)
[0227/140020.556:ERROR:process_memory_win.cc(73)] ReadMemory at 0x29eff7d7c10 of 132 bytes failed: Only part of a ReadProcessMemory or WriteProcessMemory request was completed. (0x12B)
[0227/140020.557:ERROR:process_memory_win.cc(73)] ReadMemory at 0x29eff7d7e70 of 132 bytes failed: Only part of a ReadProcessMemory or WriteProcessMemory request was completed. (0x12B)
[0227/140020.557:ERROR:process_memory_win.cc(73)] ReadMemory at 0x29eff7d80d0 of 132 bytes failed: Only part of a ReadProcessMemory or WriteProcessMemory request was completed. (0x12B)
[0227/140020.557:ERROR:process_memory_win.cc(73)] ReadMemory at 0x29eff7d8590 of 132 bytes failed: Only part of a ReadProcessMemory or WriteProcessMemory request was completed. (0x12B)
[0227/140020.557:ERROR:process_memory_win.cc(73)] ReadMemory at 0x29eff7d87f0 of 132 bytes failed: Only part of a ReadProcessMemory or WriteProcessMemory request was completed. (0x12B)
[0227/140020.557:ERROR:process_memory_win.cc(73)] ReadMemory at 0x29eff7d8cb0 of 132 bytes failed: Only part of a ReadProcessMemory or WriteProcessMemory request was completed. (0x12B)
[0227/140020.557:ERROR:process_memory_win.cc(73)] ReadMemory at 0x29eff7d8de0 of 132 bytes failed: Only part of a ReadProcessMemory or WriteProcessMemory request was completed. (0x12B)
[0227/140020.557:ERROR:process_memory_win.cc(73)] ReadMemory at 0x7ffae29d0000 of 384 bytes failed: Only part of a ReadProcessMemory or WriteProcessMemory request was completed. (0x12B)
[0227/140020.558:ERROR:process_memory_win.cc(73)] ReadMemory at 0x7ffae30fdfd8 of 512 bytes failed: Only part of a ReadProcessMemory or WriteProcessMemory request was completed. (0x12B)
[0227/140020.558:ERROR:process_memory_win.cc(73)] ReadMemory at 0x7ffae8bf23a4 of 512 bytes failed: Only part of a ReadProcessMemory or WriteProcessMemory request was completed. (0x12B)
[0227/140020.558:ERROR:process_memory_win.cc(73)] ReadMemory at 0x7ffb6cf4b6d0 of 512 bytes failed: Only part of a ReadProcessMemory or WriteProcessMemory request was completed. (0x12B)
[0227/140020.558:ERROR:process_memory_win.cc(73)] ReadMemory at 0x7ffb6fc8c510 of 512 bytes failed: Only part of a ReadProcessMemory or WriteProcessMemory request was completed. (0x12B)
[0227/140020.558:ERROR:process_memory_win.cc(73)] ReadMemory at 0x7ffb6fc9c6c4 of 512 bytes failed: Only part of a ReadProcessMemory or WriteProcessMemory request was completed. (0x12B)
[0227/140020.558:ERROR:process_memory_win.cc(73)] ReadMemory at 0x7ffb6fd2c428 of 18 bytes failed: Only part of a ReadProcessMemory or WriteProcessMemory request was completed. (0x12B)
[0227/140020.558:ERROR:process_memory_win.cc(73)] ReadMemory at 0x7ffb6fd5f4f8 of 40 bytes failed: Only part of a ReadProcessMemory or WriteProcessMemory request was completed. (0x12B)
[0227/140020.559:ERROR:process_memory_win.cc(73)] ReadMemory at 0x7ffb6fd5f978 of 48 bytes failed: Only part of a ReadProcessMemory or WriteProcessMemory request was completed. (0x12B)
[0227/140020.559:ERROR:process_memory_win.cc(73)] ReadMemory at 0x7ffb6fd653c0 of 64 bytes failed: Only part of a ReadProcessMemory or WriteProcessMemory request was completed. (0x12B)
[0227/140020.560:ERROR:scoped_process_suspend.cc(40)] NtResumeProcess: An attempt was made to access an exiting process. (0xc000010a)
